# This is the CMakeCache file.
# For build in directory: /home/yunyinxi/code/cpp/phd2/build
# It was generated by CMake: /home/yunyinxi/.local/lib/python3.10/site-packages/cmake/data/bin/cmake
# You can edit this file to change values found and used by cmake.
# If you do not want to change any of the values, simply exit the editor.
# If you do want to change a value, simply edit, save, and exit the editor.
# The syntax for the file is as follows:
# KEY:TYPE=VALUE
# KEY is the name of a variable in the cache.
# TYPE is a hint to GUIs for the type of VALUE, DO NOT EDIT TYPE!.
# VALUE is the current value for the KEY.

########################
# EXTERNAL cache entries
########################

//Builds the googlemock subproject
BUILD_GMOCK:BOOL=ON

//Path to a file.
CFITSIO_INCLUDE_DIR:PATH=/usr/include

//Path to a library.
CFITSIO_LIBRARIES:FILEPATH=/usr/lib/x86_64-linux-gnu/libcfitsio.so

//Path to a program.
CMAKE_ADDR2LINE:FILEPATH=/usr/bin/addr2line

//Path to a program.
CMAKE_AR:FILEPATH=/usr/bin/ar

//No help, variable specified on the command line.
CMAKE_BUILD_TYPE:STRING=Debug

//Enable/Disable color output during build.
CMAKE_COLOR_MAKEFILE:BOOL=ON

//No help, variable specified on the command line.
CMAKE_CXX_COMPILER:FILEPATH=/usr/bin/g++

//A wrapper around 'ar' adding the appropriate '--plugin' option
// for the GCC compiler
CMAKE_CXX_COMPILER_AR:FILEPATH=/usr/bin/gcc-ar-11

//A wrapper around 'ranlib' adding the appropriate '--plugin' option
// for the GCC compiler
CMAKE_CXX_COMPILER_RANLIB:FILEPATH=/usr/bin/gcc-ranlib-11

//Flags used by the CXX compiler during all build types.
CMAKE_CXX_FLAGS:STRING=

//Flags used by the CXX compiler during DEBUG builds.
CMAKE_CXX_FLAGS_DEBUG:STRING=-g

//Flags used by the CXX compiler during MINSIZEREL builds.
CMAKE_CXX_FLAGS_MINSIZEREL:STRING=-Os -DNDEBUG

//Flags used by the CXX compiler during RELEASE builds.
CMAKE_CXX_FLAGS_RELEASE:STRING=-O3 -DNDEBUG

//Flags used by the CXX compiler during RELWITHDEBINFO builds.
CMAKE_CXX_FLAGS_RELWITHDEBINFO:STRING=-O2 -g -DNDEBUG

//No help, variable specified on the command line.
CMAKE_C_COMPILER:FILEPATH=/usr/bin/gcc

//A wrapper around 'ar' adding the appropriate '--plugin' option
// for the GCC compiler
CMAKE_C_COMPILER_AR:FILEPATH=/usr/bin/gcc-ar-11

//A wrapper around 'ranlib' adding the appropriate '--plugin' option
// for the GCC compiler
CMAKE_C_COMPILER_RANLIB:FILEPATH=/usr/bin/gcc-ranlib-11

//Flags used by the C compiler during all build types.
CMAKE_C_FLAGS:STRING=

//Flags used by the C compiler during DEBUG builds.
CMAKE_C_FLAGS_DEBUG:STRING=-g

//Flags used by the C compiler during MINSIZEREL builds.
CMAKE_C_FLAGS_MINSIZEREL:STRING=-Os -DNDEBUG

//Flags used by the C compiler during RELEASE builds.
CMAKE_C_FLAGS_RELEASE:STRING=-O3 -DNDEBUG

//Flags used by the C compiler during RELWITHDEBINFO builds.
CMAKE_C_FLAGS_RELWITHDEBINFO:STRING=-O2 -g -DNDEBUG

//Path to a program.
CMAKE_DLLTOOL:FILEPATH=CMAKE_DLLTOOL-NOTFOUND

//Flags used by the linker during all build types.
CMAKE_EXE_LINKER_FLAGS:STRING=

//Flags used by the linker during DEBUG builds.
CMAKE_EXE_LINKER_FLAGS_DEBUG:STRING=

//Flags used by the linker during MINSIZEREL builds.
CMAKE_EXE_LINKER_FLAGS_MINSIZEREL:STRING=

//Flags used by the linker during RELEASE builds.
CMAKE_EXE_LINKER_FLAGS_RELEASE:STRING=

//Flags used by the linker during RELWITHDEBINFO builds.
CMAKE_EXE_LINKER_FLAGS_RELWITHDEBINFO:STRING=

//No help, variable specified on the command line.
CMAKE_EXPORT_COMPILE_COMMANDS:BOOL=TRUE

//Value Computed by CMake.
CMAKE_FIND_PACKAGE_REDIRECTS_DIR:STATIC=/home/yunyinxi/code/cpp/phd2/build/CMakeFiles/pkgRedirects

//User executables (bin)
CMAKE_INSTALL_BINDIR:PATH=bin

//Read-only architecture-independent data (DATAROOTDIR)
CMAKE_INSTALL_DATADIR:PATH=

//Read-only architecture-independent data root (share)
CMAKE_INSTALL_DATAROOTDIR:PATH=share

//Documentation root (DATAROOTDIR/doc/PROJECT_NAME)
CMAKE_INSTALL_DOCDIR:PATH=

//C header files (include)
CMAKE_INSTALL_INCLUDEDIR:PATH=include

//Info documentation (DATAROOTDIR/info)
CMAKE_INSTALL_INFODIR:PATH=

//Object code libraries (lib/x86_64-linux-gnu)
CMAKE_INSTALL_LIBDIR:PATH=lib/x86_64-linux-gnu

//Program executables (libexec)
CMAKE_INSTALL_LIBEXECDIR:PATH=libexec

//Locale-dependent data (DATAROOTDIR/locale)
CMAKE_INSTALL_LOCALEDIR:PATH=

//Modifiable single-machine data (var)
CMAKE_INSTALL_LOCALSTATEDIR:PATH=var

//Man documentation (DATAROOTDIR/man)
CMAKE_INSTALL_MANDIR:PATH=

//C header files for non-gcc (/usr/include)
CMAKE_INSTALL_OLDINCLUDEDIR:PATH=/usr/include

//PHD2 install path
CMAKE_INSTALL_PREFIX:PATH=/usr

//Run-time variable data (LOCALSTATEDIR/run)
CMAKE_INSTALL_RUNSTATEDIR:PATH=

//System admin executables (sbin)
CMAKE_INSTALL_SBINDIR:PATH=sbin

//Modifiable architecture-independent data (com)
CMAKE_INSTALL_SHAREDSTATEDIR:PATH=com

//Read-only single-machine data (etc)
CMAKE_INSTALL_SYSCONFDIR:PATH=etc

//Path to a program.
CMAKE_LINKER:FILEPATH=/usr/bin/ld

//Path to a program.
CMAKE_MAKE_PROGRAM:FILEPATH=/usr/bin/gmake

//Flags used by the linker during the creation of modules during
// all build types.
CMAKE_MODULE_LINKER_FLAGS:STRING=

//Flags used by the linker during the creation of modules during
// DEBUG builds.
CMAKE_MODULE_LINKER_FLAGS_DEBUG:STRING=

//Flags used by the linker during the creation of modules during
// MINSIZEREL builds.
CMAKE_MODULE_LINKER_FLAGS_MINSIZEREL:STRING=

//Flags used by the linker during the creation of modules during
// RELEASE builds.
CMAKE_MODULE_LINKER_FLAGS_RELEASE:STRING=

//Flags used by the linker during the creation of modules during
// RELWITHDEBINFO builds.
CMAKE_MODULE_LINKER_FLAGS_RELWITHDEBINFO:STRING=

//Path to a program.
CMAKE_NM:FILEPATH=/usr/bin/nm

//Path to a program.
CMAKE_OBJCOPY:FILEPATH=/usr/bin/objcopy

//Path to a program.
CMAKE_OBJDUMP:FILEPATH=/usr/bin/objdump

//Value Computed by CMake
CMAKE_PROJECT_DESCRIPTION:STATIC=

//Value Computed by CMake
CMAKE_PROJECT_HOMEPAGE_URL:STATIC=

//Value Computed by CMake
CMAKE_PROJECT_NAME:STATIC=phd2

//Value Computed by CMake
CMAKE_PROJECT_VERSION:STATIC=1.14.0

//Value Computed by CMake
CMAKE_PROJECT_VERSION_MAJOR:STATIC=1

//Value Computed by CMake
CMAKE_PROJECT_VERSION_MINOR:STATIC=14

//Value Computed by CMake
CMAKE_PROJECT_VERSION_PATCH:STATIC=0

//Value Computed by CMake
CMAKE_PROJECT_VERSION_TWEAK:STATIC=

//Path to a program.
CMAKE_RANLIB:FILEPATH=/usr/bin/ranlib

//Path to a program.
CMAKE_READELF:FILEPATH=/usr/bin/readelf

//Flags used by the linker during the creation of shared libraries
// during all build types.
CMAKE_SHARED_LINKER_FLAGS:STRING=

//Flags used by the linker during the creation of shared libraries
// during DEBUG builds.
CMAKE_SHARED_LINKER_FLAGS_DEBUG:STRING=

//Flags used by the linker during the creation of shared libraries
// during MINSIZEREL builds.
CMAKE_SHARED_LINKER_FLAGS_MINSIZEREL:STRING=

//Flags used by the linker during the creation of shared libraries
// during RELEASE builds.
CMAKE_SHARED_LINKER_FLAGS_RELEASE:STRING=

//Flags used by the linker during the creation of shared libraries
// during RELWITHDEBINFO builds.
CMAKE_SHARED_LINKER_FLAGS_RELWITHDEBINFO:STRING=

//If set, runtime paths are not added when installing shared libraries,
// but are added when building.
CMAKE_SKIP_INSTALL_RPATH:BOOL=NO

//If set, runtime paths are not added when using shared libraries.
CMAKE_SKIP_RPATH:BOOL=NO

//Flags used by the linker during the creation of static libraries
// during all build types.
CMAKE_STATIC_LINKER_FLAGS:STRING=

//Flags used by the linker during the creation of static libraries
// during DEBUG builds.
CMAKE_STATIC_LINKER_FLAGS_DEBUG:STRING=

//Flags used by the linker during the creation of static libraries
// during MINSIZEREL builds.
CMAKE_STATIC_LINKER_FLAGS_MINSIZEREL:STRING=

//Flags used by the linker during the creation of static libraries
// during RELEASE builds.
CMAKE_STATIC_LINKER_FLAGS_RELEASE:STRING=

//Flags used by the linker during the creation of static libraries
// during RELWITHDEBINFO builds.
CMAKE_STATIC_LINKER_FLAGS_RELWITHDEBINFO:STRING=

//Path to a program.
CMAKE_STRIP:FILEPATH=/usr/bin/strip

//If this value is on, makefiles will be generated without the
// .SILENT directive, and all commands will be echoed to the console
// during the make.  This is useful for debugging only. With Visual
// Studio IDE projects all commands are done without /nologo.
CMAKE_VERBOSE_MAKEFILE:BOOL=FALSE

//Enable to build RPM source packages
CPACK_SOURCE_RPM:BOOL=OFF

//Enable to build TBZ2 source packages
CPACK_SOURCE_TBZ2:BOOL=ON

//Enable to build TGZ source packages
CPACK_SOURCE_TGZ:BOOL=ON

//Enable to build TXZ source packages
CPACK_SOURCE_TXZ:BOOL=ON

//Enable to build TZ source packages
CPACK_SOURCE_TZ:BOOL=ON

//Enable to build ZIP source packages
CPACK_SOURCE_ZIP:BOOL=OFF

//The directory containing a CMake configuration file for CURL.
CURL_DIR:PATH=CURL_DIR-NOTFOUND

//Path to a file.
CURL_INCLUDE_DIR:PATH=/usr/include/x86_64-linux-gnu

//Path to a library.
CURL_LIBRARY_DEBUG:FILEPATH=CURL_LIBRARY_DEBUG-NOTFOUND

//Path to a library.
CURL_LIBRARY_RELEASE:FILEPATH=/usr/lib/x86_64-linux-gnu/libcurl.so

//The directory containing a CMake configuration file for Eigen3.
Eigen3_DIR:PATH=/usr/share/eigen3/cmake

//Directory under which to collect all populated content
FETCHCONTENT_BASE_DIR:PATH=/home/yunyinxi/code/cpp/phd2/build/_deps

//Disables all attempts to download or update content and assumes
// source dirs already exist
FETCHCONTENT_FULLY_DISCONNECTED:BOOL=OFF

//Enables QUIET option for all content population
FETCHCONTENT_QUIET:BOOL=ON

//When not empty, overrides where to find pre-populated content
// for googletest
FETCHCONTENT_SOURCE_DIR_GOOGLETEST:PATH=

//When not empty, overrides where to find pre-populated content
// for OGMAcamSDK
FETCHCONTENT_SOURCE_DIR_OGMACAMSDK:PATH=

//Enables UPDATE_DISCONNECTED behavior for all content population
FETCHCONTENT_UPDATES_DISCONNECTED:BOOL=OFF

//Enables UPDATE_DISCONNECTED behavior just for population of googletest
FETCHCONTENT_UPDATES_DISCONNECTED_GOOGLETEST:BOOL=OFF

//Enables UPDATE_DISCONNECTED behavior just for population of OGMAcamSDK
FETCHCONTENT_UPDATES_DISCONNECTED_OGMACAMSDK:BOOL=OFF

//Git command line client
GIT_EXECUTABLE:FILEPATH=/usr/bin/git

//Use Abseil and RE2. Requires Abseil and RE2 to be separately
// added to the build.
GTEST_HAS_ABSL:BOOL=OFF

//Name of the computer/site where compile is being run
HOST_NAME:STRING=yunyinxi-Lenovo-Legion-Y7000P2020H

//Enable installation of googletest. (Projects embedding googletest
// may want to turn this OFF.)
INSTALL_GTEST:BOOL=ON

//Path to a library.
LIBNOVA:FILEPATH=/usr/lib/x86_64-linux-gnu/libnova.so

//Path to a program.
LSB_RELEASE_EXEC:FILEPATH=/usr/bin/lsb_release

//Value Computed by CMake
MPI_IS_GaussianProcess_BINARY_DIR:STATIC=/home/yunyinxi/code/cpp/phd2/build/tmp_gaussian_process

//Value Computed by CMake
MPI_IS_GaussianProcess_IS_TOP_LEVEL:STATIC=OFF

//Value Computed by CMake
MPI_IS_GaussianProcess_SOURCE_DIR:STATIC=/home/yunyinxi/code/cpp/phd2/contributions/MPI_IS_gaussian_process

//Path to a program.
MSGFMT:FILEPATH=/usr/bin/msgfmt

//Path to a program.
MSGMERGE:FILEPATH=/usr/bin/msgmerge

//The directory containing a CMake configuration file for OpenCV.
OpenCV_DIR:PATH=/usr/lib/x86_64-linux-gnu/cmake/opencv4

//Arguments to supply to pkg-config
PKG_CONFIG_ARGN:STRING=

//pkg-config executable
PKG_CONFIG_EXECUTABLE:FILEPATH=/usr/bin/pkg-config

//Path to a library.
SVBCameraSDK:FILEPATH=/usr/lib/x86_64-linux-gnu/libSVBCameraSDK.so

//Enable this option here or in cmake call if you want to use system's
// Gtest.
USE_SYSTEM_GTEST:BOOL=OFF

//Enable this option here or in cmake call if you want to use system's
// libindi.
USE_SYSTEM_LIBINDI:BOOL=OFF

//Enable this option here or in cmake call if you want to use system's
// libUSB.
USE_SYSTEM_LIBUSB:BOOL=OFF

//Path to a program.
XGETTEXT:FILEPATH=/usr/bin/xgettext

//Path to a file.
ZWO_INCLUDE_DIR:PATH=/home/yunyinxi/code/cpp/phd2/cameras

//Path to a library.
asiCamera2:FILEPATH=/usr/lib/x86_64-linux-gnu/libASICamera2.so

//Value Computed by CMake
gmock_BINARY_DIR:STATIC=/home/yunyinxi/code/cpp/phd2/build/_deps/googletest-build/googlemock

//Value Computed by CMake
gmock_IS_TOP_LEVEL:STATIC=OFF

//Value Computed by CMake
gmock_SOURCE_DIR:STATIC=/home/yunyinxi/code/cpp/phd2/build/_deps/googletest-src/googlemock

//Build all of Google Mock's own tests.
gmock_build_tests:BOOL=OFF

//Value Computed by CMake
googletest-distribution_BINARY_DIR:STATIC=/home/yunyinxi/code/cpp/phd2/build/_deps/googletest-build

//Value Computed by CMake
googletest-distribution_IS_TOP_LEVEL:STATIC=OFF

//Value Computed by CMake
googletest-distribution_SOURCE_DIR:STATIC=/home/yunyinxi/code/cpp/phd2/build/_deps/googletest-src

//Value Computed by CMake
gtest_BINARY_DIR:STATIC=/home/yunyinxi/code/cpp/phd2/build/_deps/googletest-build/googletest

//Value Computed by CMake
gtest_IS_TOP_LEVEL:STATIC=OFF

//Value Computed by CMake
gtest_SOURCE_DIR:STATIC=/home/yunyinxi/code/cpp/phd2/build/_deps/googletest-src/googletest

//Build gtest's sample programs.
gtest_build_samples:BOOL=OFF

//Build all of gtest's own tests.
gtest_build_tests:BOOL=OFF

//Disable uses of pthreads in gtest.
gtest_disable_pthreads:BOOL=OFF

//Use shared (DLL) run-time lib even when Google Test is built
// as static lib.
gtest_force_shared_crt:BOOL=ON

//Build gtest with internal symbols hidden in shared libraries.
gtest_hide_internal_symbols:BOOL=OFF

//Path to a library.
mathlib:FILEPATH=/usr/lib/x86_64-linux-gnu/libm.so

//Path to a library.
ogmacam:FILEPATH=/home/yunyinxi/code/cpp/phd2/build/_deps/ogmacamsdk-src/linux/x64/libogmacam.so

//Value Computed by CMake
phd2_BINARY_DIR:STATIC=/home/yunyinxi/code/cpp/phd2/build

//Value Computed by CMake
phd2_IS_TOP_LEVEL:STATIC=ON

//Value Computed by CMake
phd2_SOURCE_DIR:STATIC=/home/yunyinxi/code/cpp/phd2

//Path to a library.
pkgcfg_lib_PC_CURL_curl:FILEPATH=/usr/lib/x86_64-linux-gnu/libcurl.so

//Path to a library.
qhylib:FILEPATH=/home/yunyinxi/code/cpp/phd2/cameras/qhyccdlibs/linux/x86_64/libqhyccd.a

//Path to a library.
toupcam:FILEPATH=/home/yunyinxi/code/cpp/phd2/cameras/toupcam/linux/x64/libtoupcam.so

//Location of wxWidgets library configuration provider binary (wx-config).
wxWidgets_CONFIG_EXECUTABLE:FILEPATH=/usr/bin/wx-config

//Use debug build?
wxWidgets_USE_DEBUG:BOOL=OFF

//Location of wxWidgets resource file compiler binary (wxrc)
wxWidgets_wxrc_EXECUTABLE:FILEPATH=/usr/bin/wxrc


########################
# INTERNAL cache entries
########################

//ADVANCED property for variable: CFITSIO_INCLUDE_DIR
CFITSIO_INCLUDE_DIR-ADVANCED:INTERNAL=1
//ADVANCED property for variable: CFITSIO_LIBRARIES
CFITSIO_LIBRARIES-ADVANCED:INTERNAL=1
//ADVANCED property for variable: CMAKE_ADDR2LINE
CMAKE_ADDR2LINE-ADVANCED:INTERNAL=1
//ADVANCED property for variable: CMAKE_AR
CMAKE_AR-ADVANCED:INTERNAL=1
//This is the directory where this CMakeCache.txt was created
CMAKE_CACHEFILE_DIR:INTERNAL=/home/yunyinxi/code/cpp/phd2/build
//Major version of cmake used to create the current loaded cache
CMAKE_CACHE_MAJOR_VERSION:INTERNAL=3
//Minor version of cmake used to create the current loaded cache
CMAKE_CACHE_MINOR_VERSION:INTERNAL=26
//Patch version of cmake used to create the current loaded cache
CMAKE_CACHE_PATCH_VERSION:INTERNAL=3
//ADVANCED property for variable: CMAKE_COLOR_MAKEFILE
CMAKE_COLOR_MAKEFILE-ADVANCED:INTERNAL=1
//Path to CMake executable.
CMAKE_COMMAND:INTERNAL=/home/yunyinxi/.local/lib/python3.10/site-packages/cmake/data/bin/cmake
//Path to cpack program executable.
CMAKE_CPACK_COMMAND:INTERNAL=/home/yunyinxi/.local/lib/python3.10/site-packages/cmake/data/bin/cpack
//Path to ctest program executable.
CMAKE_CTEST_COMMAND:INTERNAL=/home/yunyinxi/.local/lib/python3.10/site-packages/cmake/data/bin/ctest
//ADVANCED property for variable: CMAKE_CXX_COMPILER
CMAKE_CXX_COMPILER-ADVANCED:INTERNAL=1
//ADVANCED property for variable: CMAKE_CXX_COMPILER_AR
CMAKE_CXX_COMPILER_AR-ADVANCED:INTERNAL=1
//ADVANCED property for variable: CMAKE_CXX_COMPILER_RANLIB
CMAKE_CXX_COMPILER_RANLIB-ADVANCED:INTERNAL=1
//ADVANCED property for variable: CMAKE_CXX_FLAGS
CMAKE_CXX_FLAGS-ADVANCED:INTERNAL=1
//ADVANCED property for variable: CMAKE_CXX_FLAGS_DEBUG
CMAKE_CXX_FLAGS_DEBUG-ADVANCED:INTERNAL=1
//ADVANCED property for variable: CMAKE_CXX_FLAGS_MINSIZEREL
CMAKE_CXX_FLAGS_MINSIZEREL-ADVANCED:INTERNAL=1
//ADVANCED property for variable: CMAKE_CXX_FLAGS_RELEASE
CMAKE_CXX_FLAGS_RELEASE-ADVANCED:INTERNAL=1
//ADVANCED property for variable: CMAKE_CXX_FLAGS_RELWITHDEBINFO
CMAKE_CXX_FLAGS_RELWITHDEBINFO-ADVANCED:INTERNAL=1
//ADVANCED property for variable: CMAKE_C_COMPILER
CMAKE_C_COMPILER-ADVANCED:INTERNAL=1
//ADVANCED property for variable: CMAKE_C_COMPILER_AR
CMAKE_C_COMPILER_AR-ADVANCED:INTERNAL=1
//ADVANCED property for variable: CMAKE_C_COMPILER_RANLIB
CMAKE_C_COMPILER_RANLIB-ADVANCED:INTERNAL=1
//ADVANCED property for variable: CMAKE_C_FLAGS
CMAKE_C_FLAGS-ADVANCED:INTERNAL=1
//ADVANCED property for variable: CMAKE_C_FLAGS_DEBUG
CMAKE_C_FLAGS_DEBUG-ADVANCED:INTERNAL=1
//ADVANCED property for variable: CMAKE_C_FLAGS_MINSIZEREL
CMAKE_C_FLAGS_MINSIZEREL-ADVANCED:INTERNAL=1
//ADVANCED property for variable: CMAKE_C_FLAGS_RELEASE
CMAKE_C_FLAGS_RELEASE-ADVANCED:INTERNAL=1
//ADVANCED property for variable: CMAKE_C_FLAGS_RELWITHDEBINFO
CMAKE_C_FLAGS_RELWITHDEBINFO-ADVANCED:INTERNAL=1
//ADVANCED property for variable: CMAKE_DLLTOOL
CMAKE_DLLTOOL-ADVANCED:INTERNAL=1
//Executable file format
CMAKE_EXECUTABLE_FORMAT:INTERNAL=ELF
//ADVANCED property for variable: CMAKE_EXE_LINKER_FLAGS
CMAKE_EXE_LINKER_FLAGS-ADVANCED:INTERNAL=1
//ADVANCED property for variable: CMAKE_EXE_LINKER_FLAGS_DEBUG
CMAKE_EXE_LINKER_FLAGS_DEBUG-ADVANCED:INTERNAL=1
//ADVANCED property for variable: CMAKE_EXE_LINKER_FLAGS_MINSIZEREL
CMAKE_EXE_LINKER_FLAGS_MINSIZEREL-ADVANCED:INTERNAL=1
//ADVANCED property for variable: CMAKE_EXE_LINKER_FLAGS_RELEASE
CMAKE_EXE_LINKER_FLAGS_RELEASE-ADVANCED:INTERNAL=1
//ADVANCED property for variable: CMAKE_EXE_LINKER_FLAGS_RELWITHDEBINFO
CMAKE_EXE_LINKER_FLAGS_RELWITHDEBINFO-ADVANCED:INTERNAL=1
//Name of external makefile project generator.
CMAKE_EXTRA_GENERATOR:INTERNAL=
//Name of generator.
CMAKE_GENERATOR:INTERNAL=Unix Makefiles
//Generator instance identifier.
CMAKE_GENERATOR_INSTANCE:INTERNAL=
//Name of generator platform.
CMAKE_GENERATOR_PLATFORM:INTERNAL=
//Name of generator toolset.
CMAKE_GENERATOR_TOOLSET:INTERNAL=
//Test CMAKE_HAVE_LIBC_PTHREAD
CMAKE_HAVE_LIBC_PTHREAD:INTERNAL=1
//Source directory with the top level CMakeLists.txt file for this
// project
CMAKE_HOME_DIRECTORY:INTERNAL=/home/yunyinxi/code/cpp/phd2
//ADVANCED property for variable: CMAKE_INSTALL_BINDIR
CMAKE_INSTALL_BINDIR-ADVANCED:INTERNAL=1
//ADVANCED property for variable: CMAKE_INSTALL_DATADIR
CMAKE_INSTALL_DATADIR-ADVANCED:INTERNAL=1
//ADVANCED property for variable: CMAKE_INSTALL_DATAROOTDIR
CMAKE_INSTALL_DATAROOTDIR-ADVANCED:INTERNAL=1
//ADVANCED property for variable: CMAKE_INSTALL_DOCDIR
CMAKE_INSTALL_DOCDIR-ADVANCED:INTERNAL=1
//ADVANCED property for variable: CMAKE_INSTALL_INCLUDEDIR
CMAKE_INSTALL_INCLUDEDIR-ADVANCED:INTERNAL=1
//ADVANCED property for variable: CMAKE_INSTALL_INFODIR
CMAKE_INSTALL_INFODIR-ADVANCED:INTERNAL=1
//ADVANCED property for variable: CMAKE_INSTALL_LIBDIR
CMAKE_INSTALL_LIBDIR-ADVANCED:INTERNAL=1
//ADVANCED property for variable: CMAKE_INSTALL_LIBEXECDIR
CMAKE_INSTALL_LIBEXECDIR-ADVANCED:INTERNAL=1
//ADVANCED property for variable: CMAKE_INSTALL_LOCALEDIR
CMAKE_INSTALL_LOCALEDIR-ADVANCED:INTERNAL=1
//ADVANCED property for variable: CMAKE_INSTALL_LOCALSTATEDIR
CMAKE_INSTALL_LOCALSTATEDIR-ADVANCED:INTERNAL=1
//ADVANCED property for variable: CMAKE_INSTALL_MANDIR
CMAKE_INSTALL_MANDIR-ADVANCED:INTERNAL=1
//ADVANCED property for variable: CMAKE_INSTALL_OLDINCLUDEDIR
CMAKE_INSTALL_OLDINCLUDEDIR-ADVANCED:INTERNAL=1
//ADVANCED property for variable: CMAKE_INSTALL_RUNSTATEDIR
CMAKE_INSTALL_RUNSTATEDIR-ADVANCED:INTERNAL=1
//ADVANCED property for variable: CMAKE_INSTALL_SBINDIR
CMAKE_INSTALL_SBINDIR-ADVANCED:INTERNAL=1
//ADVANCED property for variable: CMAKE_INSTALL_SHAREDSTATEDIR
CMAKE_INSTALL_SHAREDSTATEDIR-ADVANCED:INTERNAL=1
//Install .so files without execute permission.
CMAKE_INSTALL_SO_NO_EXE:INTERNAL=1
//ADVANCED property for variable: CMAKE_INSTALL_SYSCONFDIR
CMAKE_INSTALL_SYSCONFDIR-ADVANCED:INTERNAL=1
//ADVANCED property for variable: CMAKE_LINKER
CMAKE_LINKER-ADVANCED:INTERNAL=1
//ADVANCED property for variable: CMAKE_MAKE_PROGRAM
CMAKE_MAKE_PROGRAM-ADVANCED:INTERNAL=1
//ADVANCED property for variable: CMAKE_MODULE_LINKER_FLAGS
CMAKE_MODULE_LINKER_FLAGS-ADVANCED:INTERNAL=1
//ADVANCED property for variable: CMAKE_MODULE_LINKER_FLAGS_DEBUG
CMAKE_MODULE_LINKER_FLAGS_DEBUG-ADVANCED:INTERNAL=1
//ADVANCED property for variable: CMAKE_MODULE_LINKER_FLAGS_MINSIZEREL
CMAKE_MODULE_LINKER_FLAGS_MINSIZEREL-ADVANCED:INTERNAL=1
//ADVANCED property for variable: CMAKE_MODULE_LINKER_FLAGS_RELEASE
CMAKE_MODULE_LINKER_FLAGS_RELEASE-ADVANCED:INTERNAL=1
//ADVANCED property for variable: CMAKE_MODULE_LINKER_FLAGS_RELWITHDEBINFO
CMAKE_MODULE_LINKER_FLAGS_RELWITHDEBINFO-ADVANCED:INTERNAL=1
//ADVANCED property for variable: CMAKE_NM
CMAKE_NM-ADVANCED:INTERNAL=1
//number of local generators
CMAKE_NUMBER_OF_MAKEFILES:INTERNAL=5
//ADVANCED property for variable: CMAKE_OBJCOPY
CMAKE_OBJCOPY-ADVANCED:INTERNAL=1
//ADVANCED property for variable: CMAKE_OBJDUMP
CMAKE_OBJDUMP-ADVANCED:INTERNAL=1
//Platform information initialized
CMAKE_PLATFORM_INFO_INITIALIZED:INTERNAL=1
//ADVANCED property for variable: CMAKE_RANLIB
CMAKE_RANLIB-ADVANCED:INTERNAL=1
//ADVANCED property for variable: CMAKE_READELF
CMAKE_READELF-ADVANCED:INTERNAL=1
//Path to CMake installation.
CMAKE_ROOT:INTERNAL=/home/yunyinxi/.local/lib/python3.10/site-packages/cmake/data/share/cmake-3.26
//ADVANCED property for variable: CMAKE_SHARED_LINKER_FLAGS
CMAKE_SHARED_LINKER_FLAGS-ADVANCED:INTERNAL=1
//ADVANCED property for variable: CMAKE_SHARED_LINKER_FLAGS_DEBUG
CMAKE_SHARED_LINKER_FLAGS_DEBUG-ADVANCED:INTERNAL=1
//ADVANCED property for variable: CMAKE_SHARED_LINKER_FLAGS_MINSIZEREL
CMAKE_SHARED_LINKER_FLAGS_MINSIZEREL-ADVANCED:INTERNAL=1
//ADVANCED property for variable: CMAKE_SHARED_LINKER_FLAGS_RELEASE
CMAKE_SHARED_LINKER_FLAGS_RELEASE-ADVANCED:INTERNAL=1
//ADVANCED property for variable: CMAKE_SHARED_LINKER_FLAGS_RELWITHDEBINFO
CMAKE_SHARED_LINKER_FLAGS_RELWITHDEBINFO-ADVANCED:INTERNAL=1
//ADVANCED property for variable: CMAKE_SKIP_INSTALL_RPATH
CMAKE_SKIP_INSTALL_RPATH-ADVANCED:INTERNAL=1
//ADVANCED property for variable: CMAKE_SKIP_RPATH
CMAKE_SKIP_RPATH-ADVANCED:INTERNAL=1
//ADVANCED property for variable: CMAKE_STATIC_LINKER_FLAGS
CMAKE_STATIC_LINKER_FLAGS-ADVANCED:INTERNAL=1
//ADVANCED property for variable: CMAKE_STATIC_LINKER_FLAGS_DEBUG
CMAKE_STATIC_LINKER_FLAGS_DEBUG-ADVANCED:INTERNAL=1
//ADVANCED property for variable: CMAKE_STATIC_LINKER_FLAGS_MINSIZEREL
CMAKE_STATIC_LINKER_FLAGS_MINSIZEREL-ADVANCED:INTERNAL=1
//ADVANCED property for variable: CMAKE_STATIC_LINKER_FLAGS_RELEASE
CMAKE_STATIC_LINKER_FLAGS_RELEASE-ADVANCED:INTERNAL=1
//ADVANCED property for variable: CMAKE_STATIC_LINKER_FLAGS_RELWITHDEBINFO
CMAKE_STATIC_LINKER_FLAGS_RELWITHDEBINFO-ADVANCED:INTERNAL=1
//ADVANCED property for variable: CMAKE_STRIP
CMAKE_STRIP-ADVANCED:INTERNAL=1
//uname command
CMAKE_UNAME:INTERNAL=/usr/bin/uname
//ADVANCED property for variable: CMAKE_VERBOSE_MAKEFILE
CMAKE_VERBOSE_MAKEFILE-ADVANCED:INTERNAL=1
//ADVANCED property for variable: CPACK_SOURCE_RPM
CPACK_SOURCE_RPM-ADVANCED:INTERNAL=1
//ADVANCED property for variable: CPACK_SOURCE_TBZ2
CPACK_SOURCE_TBZ2-ADVANCED:INTERNAL=1
//ADVANCED property for variable: CPACK_SOURCE_TGZ
CPACK_SOURCE_TGZ-ADVANCED:INTERNAL=1
//ADVANCED property for variable: CPACK_SOURCE_TXZ
CPACK_SOURCE_TXZ-ADVANCED:INTERNAL=1
//ADVANCED property for variable: CPACK_SOURCE_TZ
CPACK_SOURCE_TZ-ADVANCED:INTERNAL=1
//ADVANCED property for variable: CPACK_SOURCE_ZIP
CPACK_SOURCE_ZIP-ADVANCED:INTERNAL=1
//ADVANCED property for variable: CURL_DIR
CURL_DIR-ADVANCED:INTERNAL=1
//ADVANCED property for variable: CURL_INCLUDE_DIR
CURL_INCLUDE_DIR-ADVANCED:INTERNAL=1
//ADVANCED property for variable: CURL_LIBRARY_DEBUG
CURL_LIBRARY_DEBUG-ADVANCED:INTERNAL=1
//ADVANCED property for variable: CURL_LIBRARY_RELEASE
CURL_LIBRARY_RELEASE-ADVANCED:INTERNAL=1
//Details about finding CURL
FIND_PACKAGE_MESSAGE_DETAILS_CURL:INTERNAL=[/usr/lib/x86_64-linux-gnu/libcurl.so][/usr/include/x86_64-linux-gnu][c ][v7.81.0()]
//Details about finding OpenCV
FIND_PACKAGE_MESSAGE_DETAILS_OpenCV:INTERNAL=[/usr][v4.5.4()]
//Details about finding PkgConfig
FIND_PACKAGE_MESSAGE_DETAILS_PkgConfig:INTERNAL=[/usr/bin/pkg-config][v0.29.2()]
//Details about finding Python3
FIND_PACKAGE_MESSAGE_DETAILS_Python3:INTERNAL=[/usr/bin/python3.10][cfound components: Interpreter ][v3.10.12()]
//Details about finding Threads
FIND_PACKAGE_MESSAGE_DETAILS_Threads:INTERNAL=[TRUE][v()]
//Details about finding wxWidgets
FIND_PACKAGE_MESSAGE_DETAILS_wxWidgets:INTERNAL=[-L/usr/lib/x86_64-linux-gnu;-pthread;;;-lwx_gtk3u_aui-3.0;-lwx_gtk3u_core-3.0;-lwx_baseu-3.0;-lwx_gtk3u_adv-3.0;-lwx_gtk3u_html-3.0;-lwx_baseu_net-3.0][/usr/lib/x86_64-linux-gnu/wx/include/gtk3-unicode-3.0;/usr/include/wx-3.0][v3.0.5()]
//ADVANCED property for variable: GIT_EXECUTABLE
GIT_EXECUTABLE-ADVANCED:INTERNAL=1
//Test HAS_CXX0X_FLAG
HAS_CXX0X_FLAG:INTERNAL=1
//Test HAS_CXX11_FLAG
HAS_CXX11_FLAG:INTERNAL=1
PC_CURL_CFLAGS:INTERNAL=-I/usr/include/x86_64-linux-gnu
PC_CURL_CFLAGS_I:INTERNAL=
PC_CURL_CFLAGS_OTHER:INTERNAL=
PC_CURL_FOUND:INTERNAL=1
PC_CURL_INCLUDEDIR:INTERNAL=/usr/include/x86_64-linux-gnu
PC_CURL_INCLUDE_DIRS:INTERNAL=/usr/include/x86_64-linux-gnu
PC_CURL_LDFLAGS:INTERNAL=-L/usr/lib/x86_64-linux-gnu;-lcurl
PC_CURL_LDFLAGS_OTHER:INTERNAL=
PC_CURL_LIBDIR:INTERNAL=/usr/lib/x86_64-linux-gnu
PC_CURL_LIBRARIES:INTERNAL=curl
PC_CURL_LIBRARY_DIRS:INTERNAL=/usr/lib/x86_64-linux-gnu
PC_CURL_LIBS:INTERNAL=
PC_CURL_LIBS_L:INTERNAL=
PC_CURL_LIBS_OTHER:INTERNAL=
PC_CURL_LIBS_PATHS:INTERNAL=
PC_CURL_MODULE_NAME:INTERNAL=libcurl
PC_CURL_PREFIX:INTERNAL=/usr
PC_CURL_STATIC_CFLAGS:INTERNAL=-I/usr/include/x86_64-linux-gnu
PC_CURL_STATIC_CFLAGS_I:INTERNAL=
PC_CURL_STATIC_CFLAGS_OTHER:INTERNAL=
PC_CURL_STATIC_INCLUDE_DIRS:INTERNAL=/usr/include/x86_64-linux-gnu
PC_CURL_STATIC_LDFLAGS:INTERNAL=-L/usr/lib/x86_64-linux-gnu;-L/usr/lib/x86_64-linux-gnu/mit-krb5;-lcurl;-lnghttp2;-lidn2;-lrtmp;-lssh;-lpsl;-lssl;-lcrypto;-lssl;-lcrypto;-lgssapi_krb5;-llber;-lldap;-llber;-lzstd;-lbrotlidec;-lz
PC_CURL_STATIC_LDFLAGS_OTHER:INTERNAL=
PC_CURL_STATIC_LIBDIR:INTERNAL=
PC_CURL_STATIC_LIBRARIES:INTERNAL=curl;nghttp2;idn2;rtmp;ssh;psl;ssl;crypto;ssl;crypto;gssapi_krb5;lber;ldap;lber;zstd;brotlidec;z
PC_CURL_STATIC_LIBRARY_DIRS:INTERNAL=/usr/lib/x86_64-linux-gnu;/usr/lib/x86_64-linux-gnu/mit-krb5
PC_CURL_STATIC_LIBS:INTERNAL=
PC_CURL_STATIC_LIBS_L:INTERNAL=
PC_CURL_STATIC_LIBS_OTHER:INTERNAL=
PC_CURL_STATIC_LIBS_PATHS:INTERNAL=
PC_CURL_VERSION:INTERNAL=7.81.0
PC_CURL_libcurl_INCLUDEDIR:INTERNAL=
PC_CURL_libcurl_LIBDIR:INTERNAL=
PC_CURL_libcurl_PREFIX:INTERNAL=
PC_CURL_libcurl_VERSION:INTERNAL=
//ADVANCED property for variable: PKG_CONFIG_ARGN
PKG_CONFIG_ARGN-ADVANCED:INTERNAL=1
//ADVANCED property for variable: PKG_CONFIG_EXECUTABLE
PKG_CONFIG_EXECUTABLE-ADVANCED:INTERNAL=1
//linker supports push/pop state
_CMAKE_LINKER_PUSHPOP_STATE_SUPPORTED:INTERNAL=TRUE
//CMAKE_INSTALL_PREFIX during last run
_GNUInstallDirs_LAST_CMAKE_INSTALL_PREFIX:INTERNAL=/usr
//Compiler reason failure
_Python3_Compiler_REASON_FAILURE:INTERNAL=
//Development reason failure
_Python3_Development_REASON_FAILURE:INTERNAL=
//Path to a program.
_Python3_EXECUTABLE:INTERNAL=/usr/bin/python3.10
//Python3 Properties
_Python3_INTERPRETER_PROPERTIES:INTERNAL=Python;3;10;6;64;;cpython-310-x86_64-linux-gnu;abi3;/usr/lib/python3.10;/usr/lib/python3.10;/usr/lib/python3/dist-packages;/usr/lib/python3/dist-packages
_Python3_INTERPRETER_SIGNATURE:INTERNAL=b91b4035ecb3bb3f5760d35922531bcd
//Interpreter reason failure
_Python3_Interpreter_REASON_FAILURE:INTERNAL=
//NumPy reason failure
_Python3_NumPy_REASON_FAILURE:INTERNAL=
__pkg_config_arguments_PC_CURL:INTERNAL=QUIET;libcurl
__pkg_config_checked_PC_CURL:INTERNAL=1
cmake_package_name:INTERNAL=GTest
generated_dir:INTERNAL=/home/yunyinxi/code/cpp/phd2/build/_deps/googletest-build/googletest/generated
//ADVANCED property for variable: gmock_build_tests
gmock_build_tests-ADVANCED:INTERNAL=1
//ADVANCED property for variable: gtest_build_samples
gtest_build_samples-ADVANCED:INTERNAL=1
//ADVANCED property for variable: gtest_build_tests
gtest_build_tests-ADVANCED:INTERNAL=1
//ADVANCED property for variable: gtest_disable_pthreads
gtest_disable_pthreads-ADVANCED:INTERNAL=1
//ADVANCED property for variable: gtest_force_shared_crt
gtest_force_shared_crt-ADVANCED:INTERNAL=1
//ADVANCED property for variable: gtest_hide_internal_symbols
gtest_hide_internal_symbols-ADVANCED:INTERNAL=1
//ADVANCED property for variable: pkgcfg_lib_PC_CURL_curl
pkgcfg_lib_PC_CURL_curl-ADVANCED:INTERNAL=1
prefix_result:INTERNAL=AsynchDNS;GSS-API;HSTS;HTTP2;HTTPS-proxy;IDN;IPv6;Kerberos;Largefile;NTLM;NTLM_WB;PSL;SPNEGO;SSL;TLS-SRP;UnixSockets;alt-svc;brotli;libz;zstd
targets_export_name:INTERNAL=GTestTargets

